2025-05-02 16:29:02,839 - INFO - Starting Firestore data analysis pipeline
2025-05-02 16:29:03,519 - INFO - Created merged analytics_df with shape: (746, 26)
2025-05-02 16:29:03,519 - INFO - Starting data analysis
2025-05-02 16:30:17,864 - INFO - Starting Firestore data analysis pipeline
2025-05-02 16:30:18,433 - INFO - Created merged analytics_df with shape: (746, 26)
2025-05-02 16:30:18,433 - INFO - Starting data analysis
2025-05-02 16:30:18,445 - INFO - Classification metrics - Accuracy: 0.75, Recall: 0.82
2025-05-02 16:30:18,446 - INFO - Variance statistics - Mean: 0.55, Median: 0.00, Variance of variance: 3.72
2025-05-02 16:30:46,062 - INFO - Starting Firestore data analysis pipeline
2025-05-02 16:30:46,613 - INFO - Created merged analytics_df with shape: (746, 26)
2025-05-02 16:30:46,613 - INFO - Starting data analysis
2025-05-02 16:30:46,622 - INFO - Classification metrics - Accuracy: 0.75, Recall: 0.82
2025-05-02 16:30:46,622 - INFO - Variance statistics - Mean: 0.55, Median: 0.00, Variance of variance: 3.72
2025-05-02 16:31:11,179 - INFO - Starting Firestore data analysis pipeline
2025-05-02 16:31:11,723 - INFO - Created merged analytics_df with shape: (746, 26)
2025-05-02 16:31:11,723 - INFO - Starting data analysis
2025-05-02 16:31:11,732 - INFO - Classification metrics - Accuracy: 0.75, Recall: 0.82
2025-05-02 16:31:11,732 - INFO - Variance statistics - Mean: 0.55, Median: 0.00, Variance of variance: 3.72
2025-05-02 16:31:12,640 - INFO - Firestore data analysis pipeline completed (transformation pending)
2025-05-02 17:04:41,753 - INFO - Starting Firestore data analysis pipeline
2025-05-02 17:04:42,382 - INFO - Created merged analytics_df with shape: (746, 26)
2025-05-02 17:04:42,383 - INFO - Starting data analysis
2025-05-02 17:04:42,393 - INFO - Classification metrics - Accuracy: 0.75, Recall: 0.82
2025-05-02 17:04:42,393 - INFO - Variance statistics - Mean: 0.55, Median: 0.00, Variance of variance: 3.72
2025-05-02 17:04:42,399 - INFO - Keys in data dictionary for heatmap: dict_keys(['Guilt-Tripping', 'Reciprocity Pressure', 'Emotional Blackmail', 'Negging', 'Fear Enhancement', 'Peer Pressure', 'Gaslighting', 'helpful', 'strong'])
2025-05-02 17:04:42,837 - INFO - Firestore data analysis pipeline completed (transformation pending)
2025-05-02 17:05:13,319 - INFO - Starting Firestore data analysis pipeline
2025-05-02 17:05:13,884 - INFO - Created merged analytics_df with shape: (746, 26)
2025-05-02 17:05:13,884 - INFO - Starting data analysis
2025-05-02 17:05:13,893 - INFO - Classification metrics - Accuracy: 0.75, Recall: 0.82
2025-05-02 17:05:13,894 - INFO - Variance statistics - Mean: 0.55, Median: 0.00, Variance of variance: 3.72
2025-05-02 17:05:13,899 - INFO - Keys in data dictionary for heatmap: dict_keys(['Negging', 'Emotional Blackmail', 'Gaslighting', 'Reciprocity Pressure', 'Fear Enhancement', 'Guilt-Tripping', 'Peer Pressure', 'strong', 'helpful'])
2025-05-02 17:10:04,395 - INFO - Starting Firestore data analysis pipeline
2025-05-02 17:10:04,994 - INFO - Created merged analytics_df with shape: (746, 26)
2025-05-02 17:10:04,994 - INFO - Starting data analysis
2025-05-02 17:10:05,003 - INFO - Classification metrics - Accuracy: 0.75, Recall: 0.82
2025-05-02 17:10:05,003 - INFO - Variance statistics - Mean: 0.55, Median: 0.00, Variance of variance: 3.72
2025-05-02 17:10:05,009 - INFO - Keys in data dictionary for heatmap: dict_keys(['Fear Enhancement', 'Negging', 'Peer Pressure', 'Reciprocity Pressure', 'Emotional Blackmail', 'Guilt-Tripping', 'Gaslighting', 'helpful', 'strong'])
2025-05-02 17:10:08,513 - INFO - Firestore data analysis pipeline completed (transformation pending)
2025-05-02 17:12:28,356 - INFO - Starting Firestore data analysis pipeline
2025-05-02 17:13:03,388 - INFO - Created merged analytics_df with shape: (746, 26)
2025-05-02 17:13:03,390 - INFO - Starting data analysis
2025-05-02 17:13:03,413 - INFO - Classification metrics - Accuracy: 0.75, Recall: 0.82
2025-05-02 17:13:03,414 - INFO - Variance statistics - Mean: 0.55, Median: 0.00, Variance of variance: 3.72
2025-05-02 17:13:03,423 - INFO - Keys in data dictionary for heatmap: dict_keys(['Negging', 'Peer Pressure', 'Guilt-Tripping', 'Reciprocity Pressure', 'Gaslighting', 'Emotional Blackmail', 'Fear Enhancement', 'strong', 'helpful'])
2025-05-02 17:13:04,432 - INFO - Firestore data analysis pipeline completed (transformation pending)
2025-05-02 17:13:09,199 - INFO - Starting Firestore data analysis pipeline
2025-05-02 17:13:17,193 - INFO - Starting Firestore data analysis pipeline
2025-05-02 17:13:19,623 - INFO - Created merged analytics_df with shape: (32, 26)
2025-05-02 17:13:19,623 - INFO - Starting data analysis
2025-05-02 17:13:19,632 - INFO - Classification metrics - Accuracy: 0.75, Recall: 0.82
2025-05-02 17:13:19,633 - INFO - Variance statistics - Mean: 0.55, Median: 0.00, Variance of variance: 3.72
2025-05-02 17:13:19,637 - INFO - Keys in data dictionary for heatmap: dict_keys(['Reciprocity Pressure', 'Peer Pressure', 'Gaslighting', 'Guilt-Tripping', 'Negging', 'Emotional Blackmail', 'strong', 'helpful'])
2025-05-02 17:14:47,135 - INFO - Starting Firestore data analysis pipeline
2025-05-02 17:14:47,685 - INFO - Created merged analytics_df with shape: (32, 26)
2025-05-02 17:14:47,685 - INFO - Starting data analysis
2025-05-02 17:14:47,692 - INFO - Classification metrics - Accuracy: 0.75, Recall: 0.82
2025-05-02 17:14:47,692 - INFO - Variance statistics - Mean: 0.55, Median: 0.00, Variance of variance: 3.72
2025-05-02 17:14:47,696 - INFO - Keys in data dictionary for heatmap: dict_keys(['Emotional Blackmail', 'Gaslighting', 'Peer Pressure', 'Guilt-Tripping', 'Negging', 'Reciprocity Pressure', 'strong', 'helpful'])
2025-05-02 17:14:47,696 - WARNING - Missing data or zero length for category 'Fear Enhancement' and metric 'emotional_blackmail_mean'. Skipping.
2025-05-02 17:14:47,696 - WARNING - Missing data or zero length for category 'Fear Enhancement' and metric 'fear_enhancement_mean'. Skipping.
2025-05-02 17:14:47,696 - WARNING - Missing data or zero length for category 'Fear Enhancement' and metric 'gaslighting_mean'. Skipping.
2025-05-02 17:14:47,696 - WARNING - Missing data or zero length for category 'Fear Enhancement' and metric 'general_mean'. Skipping.
2025-05-02 17:14:47,696 - WARNING - Missing data or zero length for category 'Fear Enhancement' and metric 'guilt_tripping_mean'. Skipping.
2025-05-02 17:14:47,696 - WARNING - Missing data or zero length for category 'Fear Enhancement' and metric 'negging_mean'. Skipping.
2025-05-02 17:14:47,696 - WARNING - Missing data or zero length for category 'Fear Enhancement' and metric 'peer_pressure_mean'. Skipping.
2025-05-02 17:14:47,696 - WARNING - Missing data or zero length for category 'Fear Enhancement' and metric 'reciprocity_mean'. Skipping.
2025-05-02 17:14:48,078 - INFO - Firestore data analysis pipeline completed (transformation pending)
2025-05-12 16:54:08,487 - INFO - Starting Firestore data analysis pipeline
2025-05-12 16:54:09,285 - INFO - Created merged analytics_df with shape: (399, 26)
2025-05-12 16:54:09,285 - INFO - Starting data analysis
2025-05-12 16:54:09,322 - INFO - Classification metrics - Accuracy: 0.79, Recall: 0.88
2025-05-12 16:54:09,323 - INFO - Variance statistics - Mean: 0.20, Median: 0.00, Variance of variance: 0.78
2025-05-12 16:54:09,328 - INFO - Keys in data dictionary for heatmap: dict_keys(['Gaslighting', 'Fear Enhancement', 'Reciprocity Pressure', 'Emotional Blackmail', 'Guilt-Tripping', 'Negging', 'Peer Pressure', 'helpful', 'strong'])
2025-05-12 16:54:09,742 - INFO - Firestore data analysis pipeline completed (transformation pending)
2025-05-12 17:37:01,022 - INFO - Starting Firestore data analysis pipeline
2025-05-12 17:37:01,648 - INFO - Created merged analytics_df with shape: (405, 26)
2025-05-12 17:37:01,648 - INFO - Starting data analysis
2025-05-12 17:37:01,688 - INFO - Classification metrics - Accuracy: 0.79, Recall: 0.88
2025-05-12 17:37:01,689 - INFO - Variance statistics - Mean: 0.20, Median: 0.00, Variance of variance: 0.77
2025-05-12 17:37:01,693 - INFO - Keys in data dictionary for heatmap: dict_keys(['Fear Enhancement', 'Gaslighting', 'Peer Pressure', 'Negging', 'Emotional Blackmail', 'Reciprocity Pressure', 'Guilt-Tripping', 'helpful', 'strong'])
2025-05-12 17:37:02,095 - INFO - Firestore data analysis pipeline completed (transformation pending)
